Started GET "/" for 127.0.0.1 at 2017-08-26 21:28:21 -0300
  
ActionController::RoutingError (uninitialized constant StaticPagesController):
  
activesupport (5.0.5) lib/active_support/inflector/methods.rb:268:in `const_get'
activesupport (5.0.5) lib/active_support/inflector/methods.rb:268:in `block in constantize'
activesupport (5.0.5) lib/active_support/inflector/methods.rb:266:in `each'
activesupport (5.0.5) lib/active_support/inflector/methods.rb:266:in `inject'
activesupport (5.0.5) lib/active_support/inflector/methods.rb:266:in `constantize'
actionpack (5.0.5) lib/action_dispatch/http/request.rb:81:in `controller_class'
actionpack (5.0.5) lib/action_dispatch/routing/route_set.rb:44:in `controller'
actionpack (5.0.5) lib/action_dispatch/routing/route_set.rb:30:in `serve'
actionpack (5.0.5) lib/action_dispatch/journey/router.rb:39:in `block in serve'
actionpack (5.0.5) lib/action_dispatch/journey/router.rb:26:in `each'
actionpack (5.0.5) lib/action_dispatch/journey/router.rb:26:in `serve'
actionpack (5.0.5) lib/action_dispatch/routing/route_set.rb:727:in `call'
warden (1.2.7) lib/warden/manager.rb:36:in `block in call'
warden (1.2.7) lib/warden/manager.rb:35:in `catch'
warden (1.2.7) lib/warden/manager.rb:35:in `call'
rack (2.0.3) lib/rack/etag.rb:25:in `call'
rack (2.0.3) lib/rack/conditional_get.rb:25:in `call'
rack (2.0.3) lib/rack/head.rb:12:in `call'
rack (2.0.3) lib/rack/session/abstract/id.rb:232:in `context'
rack (2.0.3) lib/rack/session/abstract/id.rb:226:in `call'
actionpack (5.0.5) lib/action_dispatch/middleware/cookies.rb:613:in `call'
activerecord (5.0.5) lib/active_record/migration.rb:553:in `call'
actionpack (5.0.5) lib/action_dispatch/middleware/callbacks.rb:38:in `block in call'
activesupport (5.0.5) lib/active_support/callbacks.rb:97:in `__run_callbacks__'
activesupport (5.0.5) lib/active_support/callbacks.rb:750:in `_run_call_callbacks'
activesupport (5.0.5) lib/active_support/callbacks.rb:90:in `run_callbacks'
actionpack (5.0.5) lib/action_dispatch/middleware/callbacks.rb:36:in `call'
actionpack (5.0.5) lib/action_dispatch/middleware/executor.rb:12:in `call'
actionpack (5.0.5) lib/action_dispatch/middleware/remote_ip.rb:79:in `call'
actionpack (5.0.5) lib/action_dispatch/middleware/debug_exceptions.rb:49:in `call'
web-console (3.5.1) lib/web_console/middleware.rb:135:in `call_app'
web-console (3.5.1) lib/web_console/middleware.rb:28:in `block in call'
web-console (3.5.1) lib/web_console/middleware.rb:18:in `catch'
web-console (3.5.1) lib/web_console/middleware.rb:18:in `call'
actionpack (5.0.5) lib/action_dispatch/middleware/show_exceptions.rb:31:in `call'
railties (5.0.5) lib/rails/rack/logger.rb:36:in `call_app'
railties (5.0.5) lib/rails/rack/logger.rb:24:in `block in call'
activesupport (5.0.5) lib/active_support/tagged_logging.rb:69:in `block in tagged'
activesupport (5.0.5) lib/active_support/tagged_logging.rb:26:in `tagged'
activesupport (5.0.5) lib/active_support/tagged_logging.rb:69:in `tagged'
railties (5.0.5) lib/rails/rack/logger.rb:24:in `call'
sprockets-rails (3.2.0) lib/sprockets/rails/quiet_assets.rb:13:in `call'
actionpack (5.0.5) lib/action_dispatch/middleware/request_id.rb:24:in `call'
rack (2.0.3) lib/rack/method_override.rb:22:in `call'
rack (2.0.3) lib/rack/runtime.rb:22:in `call'
activesupport (5.0.5) lib/active_support/cache/strategy/local_cache_middleware.rb:28:in `call'
actionpack (5.0.5) lib/action_dispatch/middleware/executor.rb:12:in `call'
actionpack (5.0.5) lib/action_dispatch/middleware/static.rb:136:in `call'
rack (2.0.3) lib/rack/sendfile.rb:111:in `call'
railties (5.0.5) lib/rails/engine.rb:522:in `call'
puma (3.10.0) lib/puma/configuration.rb:225:in `call'
puma (3.10.0) lib/puma/server.rb:605:in `handle_request'
puma (3.10.0) lib/puma/server.rb:437:in `process_client'
puma (3.10.0) lib/puma/server.rb:301:in `block in run'
puma (3.10.0) lib/puma/thread_pool.rb:120:in `block in spawn_thread'
  Rendering /home/julia/.rbenv/versions/2.3.1/lib/ruby/gems/2.3.0/gems/actionpack-5.0.5/lib/action_dispatch/middleware/templates/rescues/routing_error.html.erb within rescues/layout
  Rendering /home/julia/.rbenv/versions/2.3.1/lib/ruby/gems/2.3.0/gems/actionpack-5.0.5/lib/action_dispatch/middleware/templates/rescues/_trace.html.erb
  Rendered /home/julia/.rbenv/versions/2.3.1/lib/ruby/gems/2.3.0/gems/actionpack-5.0.5/lib/action_dispatch/middleware/templates/rescues/_trace.html.erb (2.4ms)
  Rendered collection of /home/julia/.rbenv/versions/2.3.1/lib/ruby/gems/2.3.0/gems/actionpack-5.0.5/lib/action_dispatch/middleware/templates/routes/_route.html.erb [1 times] (48.0ms)
  Rendered /home/julia/.rbenv/versions/2.3.1/lib/ruby/gems/2.3.0/gems/actionpack-5.0.5/lib/action_dispatch/middleware/templates/routes/_table.html.erb (45.9ms)
  Rendering /home/julia/.rbenv/versions/2.3.1/lib/ruby/gems/2.3.0/gems/actionpack-5.0.5/lib/action_dispatch/middleware/templates/rescues/_request_and_response.html.erb
  Rendered /home/julia/.rbenv/versions/2.3.1/lib/ruby/gems/2.3.0/gems/actionpack-5.0.5/lib/action_dispatch/middleware/templates/rescues/_request_and_response.html.erb (21.9ms)
  Rendered /home/julia/.rbenv/versions/2.3.1/lib/ruby/gems/2.3.0/gems/actionpack-5.0.5/lib/action_dispatch/middleware/templates/rescues/routing_error.html.erb within rescues/layout (206.9ms)
Started GET "/" for 127.0.0.1 at 2017-08-26 21:29:39 -0300
  
LoadError (Unable to autoload constant StaticPagesController, expected /home/julia/hackathon-ssi/app/controllers/static_pages_controller.rb to define it):
  
activesupport (5.0.5) lib/active_support/dependencies.rb:512:in `load_missing_constant'
activesupport (5.0.5) lib/active_support/dependencies.rb:203:in `const_missing'
activesupport (5.0.5) lib/active_support/inflector/methods.rb:268:in `const_get'
activesupport (5.0.5) lib/active_support/inflector/methods.rb:268:in `block in constantize'
activesupport (5.0.5) lib/active_support/inflector/methods.rb:266:in `each'
activesupport (5.0.5) lib/active_support/inflector/methods.rb:266:in `inject'
activesupport (5.0.5) lib/active_support/inflector/methods.rb:266:in `constantize'
activesupport (5.0.5) lib/active_support/dependencies.rb:583:in `get'
activesupport (5.0.5) lib/active_support/dependencies.rb:614:in `constantize'
actionpack (5.0.5) lib/action_dispatch/http/request.rb:81:in `controller_class'
actionpack (5.0.5) lib/action_dispatch/routing/route_set.rb:44:in `controller'
actionpack (5.0.5) lib/action_dispatch/routing/route_set.rb:30:in `serve'
actionpack (5.0.5) lib/action_dispatch/journey/router.rb:39:in `block in serve'
actionpack (5.0.5) lib/action_dispatch/journey/router.rb:26:in `each'
actionpack (5.0.5) lib/action_dispatch/journey/router.rb:26:in `serve'
actionpack (5.0.5) lib/action_dispatch/routing/route_set.rb:727:in `call'
warden (1.2.7) lib/warden/manager.rb:36:in `block in call'
warden (1.2.7) lib/warden/manager.rb:35:in `catch'
warden (1.2.7) lib/warden/manager.rb:35:in `call'
rack (2.0.3) lib/rack/etag.rb:25:in `call'
rack (2.0.3) lib/rack/conditional_get.rb:25:in `call'
rack (2.0.3) lib/rack/head.rb:12:in `call'
rack (2.0.3) lib/rack/session/abstract/id.rb:232:in `context'
rack (2.0.3) lib/rack/session/abstract/id.rb:226:in `call'
actionpack (5.0.5) lib/action_dispatch/middleware/cookies.rb:613:in `call'
activerecord (5.0.5) lib/active_record/migration.rb:553:in `call'
actionpack (5.0.5) lib/action_dispatch/middleware/callbacks.rb:38:in `block in call'
activesupport (5.0.5) lib/active_support/callbacks.rb:97:in `__run_callbacks__'
activesupport (5.0.5) lib/active_support/callbacks.rb:750:in `_run_call_callbacks'
activesupport (5.0.5) lib/active_support/callbacks.rb:90:in `run_callbacks'
actionpack (5.0.5) lib/action_dispatch/middleware/callbacks.rb:36:in `call'
actionpack (5.0.5) lib/action_dispatch/middleware/executor.rb:12:in `call'
actionpack (5.0.5) lib/action_dispatch/middleware/remote_ip.rb:79:in `call'
actionpack (5.0.5) lib/action_dispatch/middleware/debug_exceptions.rb:49:in `call'
web-console (3.5.1) lib/web_console/middleware.rb:135:in `call_app'
web-console (3.5.1) lib/web_console/middleware.rb:28:in `block in call'
web-console (3.5.1) lib/web_console/middleware.rb:18:in `catch'
web-console (3.5.1) lib/web_console/middleware.rb:18:in `call'
actionpack (5.0.5) lib/action_dispatch/middleware/show_exceptions.rb:31:in `call'
railties (5.0.5) lib/rails/rack/logger.rb:36:in `call_app'
railties (5.0.5) lib/rails/rack/logger.rb:24:in `block in call'
activesupport (5.0.5) lib/active_support/tagged_logging.rb:69:in `block in tagged'
activesupport (5.0.5) lib/active_support/tagged_logging.rb:26:in `tagged'
activesupport (5.0.5) lib/active_support/tagged_logging.rb:69:in `tagged'
railties (5.0.5) lib/rails/rack/logger.rb:24:in `call'
sprockets-rails (3.2.0) lib/sprockets/rails/quiet_assets.rb:13:in `call'
actionpack (5.0.5) lib/action_dispatch/middleware/request_id.rb:24:in `call'
rack (2.0.3) lib/rack/method_override.rb:22:in `call'
rack (2.0.3) lib/rack/runtime.rb:22:in `call'
activesupport (5.0.5) lib/active_support/cache/strategy/local_cache_middleware.rb:28:in `call'
actionpack (5.0.5) lib/action_dispatch/middleware/executor.rb:12:in `call'
actionpack (5.0.5) lib/action_dispatch/middleware/static.rb:136:in `call'
rack (2.0.3) lib/rack/sendfile.rb:111:in `call'
railties (5.0.5) lib/rails/engine.rb:522:in `call'
puma (3.10.0) lib/puma/configuration.rb:225:in `call'
puma (3.10.0) lib/puma/server.rb:605:in `handle_request'
puma (3.10.0) lib/puma/server.rb:437:in `process_client'
puma (3.10.0) lib/puma/server.rb:301:in `block in run'
puma (3.10.0) lib/puma/thread_pool.rb:120:in `block in spawn_thread'
  Rendering /home/julia/.rbenv/versions/2.3.1/lib/ruby/gems/2.3.0/gems/actionpack-5.0.5/lib/action_dispatch/middleware/templates/rescues/diagnostics.html.erb within rescues/layout
  Rendering /home/julia/.rbenv/versions/2.3.1/lib/ruby/gems/2.3.0/gems/actionpack-5.0.5/lib/action_dispatch/middleware/templates/rescues/_source.html.erb
  Rendered /home/julia/.rbenv/versions/2.3.1/lib/ruby/gems/2.3.0/gems/actionpack-5.0.5/lib/action_dispatch/middleware/templates/rescues/_source.html.erb (3.5ms)
  Rendering /home/julia/.rbenv/versions/2.3.1/lib/ruby/gems/2.3.0/gems/actionpack-5.0.5/lib/action_dispatch/middleware/templates/rescues/_trace.html.erb
  Rendered /home/julia/.rbenv/versions/2.3.1/lib/ruby/gems/2.3.0/gems/actionpack-5.0.5/lib/action_dispatch/middleware/templates/rescues/_trace.html.erb (1.9ms)
  Rendering /home/julia/.rbenv/versions/2.3.1/lib/ruby/gems/2.3.0/gems/actionpack-5.0.5/lib/action_dispatch/middleware/templates/rescues/_request_and_response.html.erb
  Rendered /home/julia/.rbenv/versions/2.3.1/lib/ruby/gems/2.3.0/gems/actionpack-5.0.5/lib/action_dispatch/middleware/templates/rescues/_request_and_response.html.erb (1.1ms)
  Rendered /home/julia/.rbenv/versions/2.3.1/lib/ruby/gems/2.3.0/gems/actionpack-5.0.5/lib/action_dispatch/middleware/templates/rescues/diagnostics.html.erb within rescues/layout (62.3ms)
Started GET "/" for 127.0.0.1 at 2017-08-26 21:31:44 -0300
Processing by StaticPagesController#index as HTML
  Rendering static_pages/index.html.erb within layouts/application
  Rendered static_pages/index.html.erb within layouts/application (0.4ms)
Completed 200 OK in 569ms (Views: 568.0ms | ActiveRecord: 0.0ms)


